mode: set
devops-test/api/v1beta1/myreplicaset_types.go:83.13,85.2 1 0
devops-test/api/v1beta1/zz_generated.deepcopy.go:29.57,35.2 5 0
devops-test/api/v1beta1/zz_generated.deepcopy.go:38.50,39.15 1 0
devops-test/api/v1beta1/zz_generated.deepcopy.go:39.15,41.3 1 0
devops-test/api/v1beta1/zz_generated.deepcopy.go:42.2,44.12 3 0
devops-test/api/v1beta1/zz_generated.deepcopy.go:48.57,49.34 1 0
devops-test/api/v1beta1/zz_generated.deepcopy.go:49.34,51.3 1 0
devops-test/api/v1beta1/zz_generated.deepcopy.go:52.2,52.12 1 0
devops-test/api/v1beta1/zz_generated.deepcopy.go:56.65,60.21 4 0
devops-test/api/v1beta1/zz_generated.deepcopy.go:60.21,63.22 3 0
devops-test/api/v1beta1/zz_generated.deepcopy.go:63.22,65.4 1 0
devops-test/api/v1beta1/zz_generated.deepcopy.go:70.58,71.15 1 0
devops-test/api/v1beta1/zz_generated.deepcopy.go:71.15,73.3 1 0
devops-test/api/v1beta1/zz_generated.deepcopy.go:74.2,76.12 3 0
devops-test/api/v1beta1/zz_generated.deepcopy.go:80.61,81.34 1 0
devops-test/api/v1beta1/zz_generated.deepcopy.go:81.34,83.3 1 0
devops-test/api/v1beta1/zz_generated.deepcopy.go:84.2,84.12 1 0
devops-test/api/v1beta1/zz_generated.deepcopy.go:88.65,90.24 2 0
devops-test/api/v1beta1/zz_generated.deepcopy.go:90.24,94.3 3 0
devops-test/api/v1beta1/zz_generated.deepcopy.go:95.2,95.24 1 0
devops-test/api/v1beta1/zz_generated.deepcopy.go:95.24,99.3 3 0
devops-test/api/v1beta1/zz_generated.deepcopy.go:100.2,100.41 1 0
devops-test/api/v1beta1/zz_generated.deepcopy.go:104.58,105.15 1 0
devops-test/api/v1beta1/zz_generated.deepcopy.go:105.15,107.3 1 0
devops-test/api/v1beta1/zz_generated.deepcopy.go:108.2,110.12 3 0
devops-test/api/v1beta1/zz_generated.deepcopy.go:114.69,116.2 1 0
devops-test/api/v1beta1/zz_generated.deepcopy.go:119.62,120.15 1 0
devops-test/api/v1beta1/zz_generated.deepcopy.go:120.15,122.3 1 0
devops-test/api/v1beta1/zz_generated.deepcopy.go:123.2,125.12 3 0
devops-test/cmd/main.go:48.13,53.2 2 0
devops-test/cmd/main.go:55.13,86.38 16 0
devops-test/cmd/main.go:86.38,89.3 2 0
devops-test/cmd/main.go:91.2,91.18 1 0
devops-test/cmd/main.go:91.18,93.3 1 0
devops-test/cmd/main.go:95.2,115.19 3 0
devops-test/cmd/main.go:115.19,121.3 1 0
devops-test/cmd/main.go:123.2,142.16 2 0
devops-test/cmd/main.go:142.16,145.3 2 0
devops-test/cmd/main.go:147.2,150.39 1 0
devops-test/cmd/main.go:150.39,153.3 2 0
devops-test/cmd/main.go:156.2,156.69 1 0
devops-test/cmd/main.go:156.69,159.3 2 0
devops-test/cmd/main.go:160.2,160.67 1 0
devops-test/cmd/main.go:160.67,163.3 2 0
devops-test/cmd/main.go:165.2,166.61 2 0
devops-test/cmd/main.go:166.61,169.3 2 0
devops-test/test/utils/utils.go:37.27,39.2 1 0
devops-test/test/utils/utils.go:42.40,47.2 4 0
devops-test/test/utils/utils.go:50.41,54.42 3 0
devops-test/test/utils/utils.go:54.42,56.3 1 0
devops-test/test/utils/utils.go:58.2,62.16 5 0
devops-test/test/utils/utils.go:62.16,64.3 1 0
devops-test/test/utils/utils.go:66.2,66.20 1 0
devops-test/test/utils/utils.go:70.36,73.36 3 0
devops-test/test/utils/utils.go:73.36,75.3 1 0
devops-test/test/utils/utils.go:79.29,82.36 3 0
devops-test/test/utils/utils.go:82.36,84.3 1 0
devops-test/test/utils/utils.go:88.33,91.36 3 0
devops-test/test/utils/utils.go:91.36,93.3 1 0
devops-test/test/utils/utils.go:96.2,103.12 3 0
devops-test/test/utils/utils.go:107.56,109.47 2 0
devops-test/test/utils/utils.go:109.47,111.3 1 0
devops-test/test/utils/utils.go:112.2,115.12 4 0
devops-test/test/utils/utils.go:120.47,123.35 3 0
devops-test/test/utils/utils.go:123.35,124.20 1 0
devops-test/test/utils/utils.go:124.20,126.4 1 0
devops-test/test/utils/utils.go:129.2,129.12 1 0
devops-test/test/utils/utils.go:133.38,135.16 2 0
devops-test/test/utils/utils.go:135.16,137.3 1 0
devops-test/test/utils/utils.go:138.2,139.16 2 0
devops-test/api/v1beta1/myreplicaset_types.go:83.13,85.2 1 1
devops-test/api/v1beta1/zz_generated.deepcopy.go:29.57,35.2 5 0
devops-test/api/v1beta1/zz_generated.deepcopy.go:38.50,39.15 1 0
devops-test/api/v1beta1/zz_generated.deepcopy.go:39.15,41.3 1 0
devops-test/api/v1beta1/zz_generated.deepcopy.go:42.2,44.12 3 0
devops-test/api/v1beta1/zz_generated.deepcopy.go:48.57,49.34 1 0
devops-test/api/v1beta1/zz_generated.deepcopy.go:49.34,51.3 1 0
devops-test/api/v1beta1/zz_generated.deepcopy.go:52.2,52.12 1 0
devops-test/api/v1beta1/zz_generated.deepcopy.go:56.65,60.21 4 0
devops-test/api/v1beta1/zz_generated.deepcopy.go:60.21,63.22 3 0
devops-test/api/v1beta1/zz_generated.deepcopy.go:63.22,65.4 1 0
devops-test/api/v1beta1/zz_generated.deepcopy.go:70.58,71.15 1 0
devops-test/api/v1beta1/zz_generated.deepcopy.go:71.15,73.3 1 0
devops-test/api/v1beta1/zz_generated.deepcopy.go:74.2,76.12 3 0
devops-test/api/v1beta1/zz_generated.deepcopy.go:80.61,81.34 1 0
devops-test/api/v1beta1/zz_generated.deepcopy.go:81.34,83.3 1 0
devops-test/api/v1beta1/zz_generated.deepcopy.go:84.2,84.12 1 0
devops-test/api/v1beta1/zz_generated.deepcopy.go:88.65,90.24 2 0
devops-test/api/v1beta1/zz_generated.deepcopy.go:90.24,94.3 3 0
devops-test/api/v1beta1/zz_generated.deepcopy.go:95.2,95.24 1 0
devops-test/api/v1beta1/zz_generated.deepcopy.go:95.24,99.3 3 0
devops-test/api/v1beta1/zz_generated.deepcopy.go:100.2,100.41 1 0
devops-test/api/v1beta1/zz_generated.deepcopy.go:104.58,105.15 1 0
devops-test/api/v1beta1/zz_generated.deepcopy.go:105.15,107.3 1 0
devops-test/api/v1beta1/zz_generated.deepcopy.go:108.2,110.12 3 0
devops-test/api/v1beta1/zz_generated.deepcopy.go:114.69,116.2 1 0
devops-test/api/v1beta1/zz_generated.deepcopy.go:119.62,120.15 1 0
devops-test/api/v1beta1/zz_generated.deepcopy.go:120.15,122.3 1 0
devops-test/api/v1beta1/zz_generated.deepcopy.go:123.2,125.12 3 0
devops-test/internal/controller/myreplicaset_controller.go:67.104,70.77 2 1
devops-test/internal/controller/myreplicaset_controller.go:70.77,73.29 2 0
devops-test/internal/controller/myreplicaset_controller.go:73.29,76.4 1 0
devops-test/internal/controller/myreplicaset_controller.go:78.3,78.33 1 0
devops-test/internal/controller/myreplicaset_controller.go:82.2,85.96 3 1
devops-test/internal/controller/myreplicaset_controller.go:85.96,88.3 2 0
devops-test/internal/controller/myreplicaset_controller.go:88.8,93.37 4 1
devops-test/internal/controller/myreplicaset_controller.go:93.37,95.60 1 0
devops-test/internal/controller/myreplicaset_controller.go:95.60,96.120 1 0
devops-test/internal/controller/myreplicaset_controller.go:96.120,105.6 4 0
devops-test/internal/controller/myreplicaset_controller.go:112.3,112.51 1 1
devops-test/internal/controller/myreplicaset_controller.go:112.51,115.44 3 1
devops-test/internal/controller/myreplicaset_controller.go:115.44,119.5 2 0
devops-test/internal/controller/myreplicaset_controller.go:128.3,129.36 2 1
devops-test/internal/controller/myreplicaset_controller.go:129.36,131.4 1 0
devops-test/internal/controller/myreplicaset_controller.go:134.3,134.45 1 1
devops-test/internal/controller/myreplicaset_controller.go:134.45,136.4 1 0
devops-test/internal/controller/myreplicaset_controller.go:139.3,139.32 1 1
devops-test/internal/controller/myreplicaset_controller.go:139.32,141.4 1 0
devops-test/internal/controller/myreplicaset_controller.go:144.3,144.25 1 1
devops-test/internal/controller/myreplicaset_controller.go:144.25,149.52 3 0
devops-test/internal/controller/myreplicaset_controller.go:149.52,162.103 4 0
devops-test/internal/controller/myreplicaset_controller.go:162.103,166.6 2 0
devops-test/internal/controller/myreplicaset_controller.go:167.5,167.98 1 0
devops-test/internal/controller/myreplicaset_controller.go:170.4,170.81 1 0
devops-test/internal/controller/myreplicaset_controller.go:171.9,173.4 1 1
devops-test/internal/controller/myreplicaset_controller.go:176.3,177.53 2 1
devops-test/internal/controller/myreplicaset_controller.go:199.89,203.2 2 1
devops-test/internal/controller/myreplicaset_controller.go:204.71,205.28 1 0
devops-test/internal/controller/myreplicaset_controller.go:205.28,207.3 1 0
devops-test/internal/controller/myreplicaset_controller.go:208.2,208.31 1 0
devops-test/internal/controller/myreplicaset_controller.go:208.31,209.25 1 0
devops-test/internal/controller/myreplicaset_controller.go:209.25,211.4 1 0
devops-test/internal/controller/myreplicaset_controller.go:213.2,213.13 1 0
devops-test/internal/controller/myreplicaset_controller.go:216.20,223.25 4 1
devops-test/internal/controller/myreplicaset_controller.go:223.25,225.3 1 1
devops-test/internal/controller/myreplicaset_controller.go:228.2,228.29 1 1
devops-test/internal/controller/myreplicaset_controller.go:232.95,251.81 3 1
devops-test/internal/controller/myreplicaset_controller.go:251.81,253.3 1 0
devops-test/internal/controller/myreplicaset_controller.go:255.2,255.17 1 1
devops-test/internal/controller/myreplicaset_controller.go:259.75,263.2 1 0
