mode: set
my.domain/go-test/api/v1/myreplicaset_types.go:67.13,69.2 1 0
my.domain/go-test/api/v1/zz_generated.deepcopy.go:29.57,35.2 5 0
my.domain/go-test/api/v1/zz_generated.deepcopy.go:38.50,39.15 1 0
my.domain/go-test/api/v1/zz_generated.deepcopy.go:39.15,41.3 1 0
my.domain/go-test/api/v1/zz_generated.deepcopy.go:42.2,44.12 3 0
my.domain/go-test/api/v1/zz_generated.deepcopy.go:48.57,49.34 1 0
my.domain/go-test/api/v1/zz_generated.deepcopy.go:49.34,51.3 1 0
my.domain/go-test/api/v1/zz_generated.deepcopy.go:52.2,52.12 1 0
my.domain/go-test/api/v1/zz_generated.deepcopy.go:56.65,60.21 4 0
my.domain/go-test/api/v1/zz_generated.deepcopy.go:60.21,63.22 3 0
my.domain/go-test/api/v1/zz_generated.deepcopy.go:63.22,65.4 1 0
my.domain/go-test/api/v1/zz_generated.deepcopy.go:70.58,71.15 1 0
my.domain/go-test/api/v1/zz_generated.deepcopy.go:71.15,73.3 1 0
my.domain/go-test/api/v1/zz_generated.deepcopy.go:74.2,76.12 3 0
my.domain/go-test/api/v1/zz_generated.deepcopy.go:80.61,81.34 1 0
my.domain/go-test/api/v1/zz_generated.deepcopy.go:81.34,83.3 1 0
my.domain/go-test/api/v1/zz_generated.deepcopy.go:84.2,84.12 1 0
my.domain/go-test/api/v1/zz_generated.deepcopy.go:88.65,90.24 2 0
my.domain/go-test/api/v1/zz_generated.deepcopy.go:90.24,94.3 3 0
my.domain/go-test/api/v1/zz_generated.deepcopy.go:95.2,95.41 1 0
my.domain/go-test/api/v1/zz_generated.deepcopy.go:99.58,100.15 1 0
my.domain/go-test/api/v1/zz_generated.deepcopy.go:100.15,102.3 1 0
my.domain/go-test/api/v1/zz_generated.deepcopy.go:103.2,105.12 3 0
my.domain/go-test/api/v1/zz_generated.deepcopy.go:109.69,111.20 2 0
my.domain/go-test/api/v1/zz_generated.deepcopy.go:111.20,115.3 3 0
my.domain/go-test/api/v1/zz_generated.deepcopy.go:116.2,116.26 1 0
my.domain/go-test/api/v1/zz_generated.deepcopy.go:116.26,119.22 3 0
my.domain/go-test/api/v1/zz_generated.deepcopy.go:119.22,121.4 1 0
my.domain/go-test/api/v1/zz_generated.deepcopy.go:126.62,127.15 1 0
my.domain/go-test/api/v1/zz_generated.deepcopy.go:127.15,129.3 1 0
my.domain/go-test/api/v1/zz_generated.deepcopy.go:130.2,132.12 3 0
my.domain/go-test/cmd/main.go:48.13,53.2 2 0
my.domain/go-test/cmd/main.go:55.13,86.38 16 0
my.domain/go-test/cmd/main.go:86.38,89.3 2 0
my.domain/go-test/cmd/main.go:91.2,91.18 1 0
my.domain/go-test/cmd/main.go:91.18,93.3 1 0
my.domain/go-test/cmd/main.go:95.2,115.19 3 0
my.domain/go-test/cmd/main.go:115.19,121.3 1 0
my.domain/go-test/cmd/main.go:123.2,142.16 2 0
my.domain/go-test/cmd/main.go:142.16,145.3 2 0
my.domain/go-test/cmd/main.go:147.2,150.39 1 0
my.domain/go-test/cmd/main.go:150.39,153.3 2 0
my.domain/go-test/cmd/main.go:156.2,156.69 1 0
my.domain/go-test/cmd/main.go:156.69,159.3 2 0
my.domain/go-test/cmd/main.go:160.2,160.67 1 0
my.domain/go-test/cmd/main.go:160.67,163.3 2 0
my.domain/go-test/cmd/main.go:165.2,166.61 2 0
my.domain/go-test/cmd/main.go:166.61,169.3 2 0
