mode: set
my.domain/go-test/internal/controller/myreplicaset_controller.go:62.104,67.60 3 0
my.domain/go-test/internal/controller/myreplicaset_controller.go:67.60,69.3 1 0
my.domain/go-test/internal/controller/myreplicaset_controller.go:71.2,71.69 1 0
my.domain/go-test/internal/controller/myreplicaset_controller.go:71.69,79.53 2 0
my.domain/go-test/internal/controller/myreplicaset_controller.go:79.53,81.4 1 0
my.domain/go-test/internal/controller/myreplicaset_controller.go:85.2,90.58 3 0
my.domain/go-test/internal/controller/myreplicaset_controller.go:90.58,92.3 1 0
my.domain/go-test/internal/controller/myreplicaset_controller.go:94.2,98.35 5 0
my.domain/go-test/internal/controller/myreplicaset_controller.go:98.35,99.34 1 0
my.domain/go-test/internal/controller/myreplicaset_controller.go:99.34,101.18 2 0
my.domain/go-test/internal/controller/myreplicaset_controller.go:101.18,108.55 2 0
my.domain/go-test/internal/controller/myreplicaset_controller.go:108.55,110.6 1 0
my.domain/go-test/internal/controller/myreplicaset_controller.go:111.5,111.30 1 0
my.domain/go-test/internal/controller/myreplicaset_controller.go:113.4,113.45 1 0
my.domain/go-test/internal/controller/myreplicaset_controller.go:113.45,115.5 1 0
my.domain/go-test/internal/controller/myreplicaset_controller.go:117.3,117.41 1 0
my.domain/go-test/internal/controller/myreplicaset_controller.go:118.8,118.42 1 0
my.domain/go-test/internal/controller/myreplicaset_controller.go:118.42,119.34 1 0
my.domain/go-test/internal/controller/myreplicaset_controller.go:119.34,122.111 3 0
my.domain/go-test/internal/controller/myreplicaset_controller.go:122.111,129.54 2 0
my.domain/go-test/internal/controller/myreplicaset_controller.go:129.54,131.6 1 0
my.domain/go-test/internal/controller/myreplicaset_controller.go:132.5,132.30 1 0
my.domain/go-test/internal/controller/myreplicaset_controller.go:134.4,134.76 1 0
my.domain/go-test/internal/controller/myreplicaset_controller.go:134.76,136.5 1 0
my.domain/go-test/internal/controller/myreplicaset_controller.go:138.3,138.41 1 0
my.domain/go-test/internal/controller/myreplicaset_controller.go:141.2,149.52 3 0
my.domain/go-test/internal/controller/myreplicaset_controller.go:149.52,151.3 1 0
my.domain/go-test/internal/controller/myreplicaset_controller.go:153.2,153.27 1 0
my.domain/go-test/internal/controller/myreplicaset_controller.go:157.75,161.2 1 0
my.domain/go-test/internal/controller/myreplicaset_controller.go:163.31,166.25 3 0
my.domain/go-test/internal/controller/myreplicaset_controller.go:166.25,168.3 1 0
my.domain/go-test/internal/controller/myreplicaset_controller.go:169.2,170.12 2 0
my.domain/go-test/internal/controller/myreplicaset_controller.go:173.49,175.30 2 0
my.domain/go-test/internal/controller/myreplicaset_controller.go:175.30,177.3 1 0
my.domain/go-test/internal/controller/myreplicaset_controller.go:178.2,178.17 1 0
my.domain/go-test/internal/controller/myreplicaset_controller.go:181.102,192.72 3 0
my.domain/go-test/internal/controller/myreplicaset_controller.go:192.72,194.3 1 0
my.domain/go-test/internal/controller/myreplicaset_controller.go:195.2,195.17 1 0
